frontend/app/build/intermediates/manifest_merge_blame_file/debug/processDebugMainManifest/manifest-merger-blame-debug-report.txt
1<?xml version="1.0" encoding="utf-8"?>
2<manifest xmlns:android="http://schemas.android.com/apk/res/android"
3    package="com.example.madclass01"
4    android:versionCode="1"
5    android:versionName="1.0" >
6
7    <uses-sdk
8        android:minSdkVersion="32"
9        android:targetSdkVersion="36" />
10
11    <!-- KakaoTalk package visibility (Android 11+) -->
12    <queries>
12-->src/main/AndroidManifest.xml:6:5-8:15
13        <package android:name="com.kakao.talk" />
13-->src/main/AndroidManifest.xml:7:9-50
13-->src/main/AndroidManifest.xml:7:18-47
14        <package android:name="com.kakao.talk.alpha" />
14-->[com.kakao.sdk:v2-common:2.20.0] AndroidManifest.xml:11:9-56
14-->[com.kakao.sdk:v2-common:2.20.0] AndroidManifest.xml:11:18-53
15        <package android:name="com.kakao.talk.sandbox" />
15-->[com.kakao.sdk:v2-common:2.20.0] AndroidManifest.xml:12:9-58
15-->[com.kakao.sdk:v2-common:2.20.0] AndroidManifest.xml:12:18-55
16        <package android:name="com.kakao.onetalk" />
16-->[com.kakao.sdk:v2-common:2.20.0] AndroidManifest.xml:13:9-53
16-->[com.kakao.sdk:v2-common:2.20.0] AndroidManifest.xml:13:18-50
17
18        <intent>
18-->[com.kakao.sdk:v2-common:2.20.0] AndroidManifest.xml:15:9-21:18
19            <action android:name="android.intent.action.VIEW" />
19-->src/main/AndroidManifest.xml:41:17-69
19-->src/main/AndroidManifest.xml:41:25-66
20
21            <category android:name="android.intent.category.BROWSABLE" />
21-->src/main/AndroidManifest.xml:43:17-78
21-->src/main/AndroidManifest.xml:43:27-75
22
23            <data android:scheme="https" />
23-->src/main/AndroidManifest.xml:45:17-97
23-->src/main/AndroidManifest.xml:45:44-94
24        </intent>
25    </queries>
26
27    <!-- 이미지 접근 권한 -->
28    <uses-permission android:name="android.permission.READ_MEDIA_IMAGES" />
28-->src/main/AndroidManifest.xml:11:5-76
28-->src/main/AndroidManifest.xml:11:22-73
29    <uses-permission
29-->src/main/AndroidManifest.xml:12:5-13:38
30        android:name="android.permission.READ_EXTERNAL_STORAGE"
30-->src/main/AndroidManifest.xml:12:22-77
31        android:maxSdkVersion="32" />
31-->src/main/AndroidManifest.xml:13:9-35
32
33    <!-- 네트워크 권한 -->
34    <uses-permission android:name="android.permission.INTERNET" />
34-->src/main/AndroidManifest.xml:16:5-67
34-->src/main/AndroidManifest.xml:16:22-64
35    <uses-permission android:name="android.permission.ACCESS_NETWORK_STATE" />
35-->src/main/AndroidManifest.xml:17:5-79
35-->src/main/AndroidManifest.xml:17:22-76
36
37    <permission
37-->[androidx.core:core:1.13.1] AndroidManifest.xml:22:5-24:47
38        android:name="com.example.madclass01.DYNAMIC_RECEIVER_NOT_EXPORTED_PERMISSION"
38-->[androidx.core:core:1.13.1] AndroidManifest.xml:23:9-81
39        android:protectionLevel="signature" />
39-->[androidx.core:core:1.13.1] AndroidManifest.xml:24:9-44
40
41    <uses-permission android:name="com.example.madclass01.DYNAMIC_RECEIVER_NOT_EXPORTED_PERMISSION" />
41-->[androidx.core:core:1.13.1] AndroidManifest.xml:26:5-97
41-->[androidx.core:core:1.13.1] AndroidManifest.xml:26:22-94
42
43    <application
43-->src/main/AndroidManifest.xml:19:5-60:19
44        android:name="com.example.madclass01.MadClass01Application"
44-->src/main/AndroidManifest.xml:20:9-46
45        android:allowBackup="true"
45-->src/main/AndroidManifest.xml:21:9-35
46        android:appComponentFactory="androidx.core.app.CoreComponentFactory"
46-->[androidx.core:core:1.13.1] AndroidManifest.xml:28:18-86
47        android:dataExtractionRules="@xml/data_extraction_rules"
47-->src/main/AndroidManifest.xml:23:9-65
48        android:debuggable="true"
49        android:extractNativeLibs="false"
50        android:fullBackupContent="@xml/backup_rules"
50-->src/main/AndroidManifest.xml:24:9-54
51        android:icon="@mipmap/ic_launcher"
51-->src/main/AndroidManifest.xml:25:9-43
52        android:label="@string/app_name"
52-->src/main/AndroidManifest.xml:26:9-41
53        android:roundIcon="@mipmap/ic_launcher_round"
53-->src/main/AndroidManifest.xml:27:9-54
54        android:supportsRtl="true"
54-->src/main/AndroidManifest.xml:28:9-35
55        android:testOnly="true"
56        android:theme="@style/Theme.MadClass01"
56-->src/main/AndroidManifest.xml:29:9-48
57        android:usesCleartextTraffic="true" >
57-->src/main/AndroidManifest.xml:22:9-44
58
59        <!-- Kakao SDK meta-data (Native App Key) -->
60        <meta-data
60-->src/main/AndroidManifest.xml:32:9-34:60
61            android:name="com.kakao.sdk.AppKey"
61-->src/main/AndroidManifest.xml:33:13-48
62            android:value="@string/kakao_native_app_key" />
62-->src/main/AndroidManifest.xml:34:13-57
63
64        <!-- Kakao OAuth Redirect Handler -->
65        <activity
65-->src/main/AndroidManifest.xml:37:9-47:20
66            android:name="com.kakao.sdk.auth.AuthCodeHandlerActivity"
66-->src/main/AndroidManifest.xml:38:13-70
67            android:exported="true"
67-->src/main/AndroidManifest.xml:39:13-36
68            android:launchMode="singleTask"
68-->[com.kakao.sdk:v2-auth:2.20.0] AndroidManifest.xml:18:13-44
69            android:theme="@style/TransparentCompat" >
69-->[com.kakao.sdk:v2-auth:2.20.0] AndroidManifest.xml:19:13-53
70            <intent-filter>
70-->src/main/AndroidManifest.xml:40:13-46:29
71                <action android:name="android.intent.action.VIEW" />
71-->src/main/AndroidManifest.xml:41:17-69
71-->src/main/AndroidManifest.xml:41:25-66
72
73                <category android:name="android.intent.category.DEFAULT" />
73-->src/main/AndroidManifest.xml:42:17-76
73-->src/main/AndroidManifest.xml:42:27-73
74                <category android:name="android.intent.category.BROWSABLE" />
74-->src/main/AndroidManifest.xml:43:17-78
74-->src/main/AndroidManifest.xml:43:27-75
75                <!-- Kakao redirect URI: kakao{NATIVE_APP_KEY}://oauth -->
76                <data
76-->src/main/AndroidManifest.xml:45:17-97
77                    android:host="oauth"
77-->src/main/AndroidManifest.xml:45:23-43
78                    android:scheme="kakao@string/kakao_native_app_key" />
78-->src/main/AndroidManifest.xml:45:44-94
79            </intent-filter>
80        </activity>
81        <activity
81-->src/main/AndroidManifest.xml:49:9-59:20
82            android:name="com.example.madclass01.MainActivity"
82-->src/main/AndroidManifest.xml:50:13-41
83            android:exported="true"
83-->src/main/AndroidManifest.xml:51:13-36
84            android:label="@string/app_name"
84-->src/main/AndroidManifest.xml:52:13-45
85            android:theme="@style/Theme.MadClass01" >
85-->src/main/AndroidManifest.xml:53:13-52
86            <intent-filter>
86-->src/main/AndroidManifest.xml:54:13-58:29
87                <action android:name="android.intent.action.MAIN" />
87-->src/main/AndroidManifest.xml:55:17-69
87-->src/main/AndroidManifest.xml:55:25-66
88
89                <category android:name="android.intent.category.LAUNCHER" />
89-->src/main/AndroidManifest.xml:57:17-77
89-->src/main/AndroidManifest.xml:57:27-74
90            </intent-filter>
91        </activity>
92        <activity
92-->[androidx.compose.ui:ui-tooling-android:1.7.0] AndroidManifest.xml:23:9-25:39
93            android:name="androidx.compose.ui.tooling.PreviewActivity"
93-->[androidx.compose.ui:ui-tooling-android:1.7.0] AndroidManifest.xml:24:13-71
94            android:exported="true" />
94-->[androidx.compose.ui:ui-tooling-android:1.7.0] AndroidManifest.xml:25:13-36
95        <activity
95-->[androidx.compose.ui:ui-test-manifest:1.7.0] AndroidManifest.xml:23:9-25:39
96            android:name="androidx.activity.ComponentActivity"
96-->[androidx.compose.ui:ui-test-manifest:1.7.0] AndroidManifest.xml:24:13-63
97            android:exported="true" />
97-->[androidx.compose.ui:ui-test-manifest:1.7.0] AndroidManifest.xml:25:13-36
98        <activity
98-->[com.kakao.sdk:v2-user:2.20.0] AndroidManifest.xml:10:9-13:56
99            android:name="com.kakao.sdk.user.ShippingAddressesHandlerActivity"
99-->[com.kakao.sdk:v2-user:2.20.0] AndroidManifest.xml:11:13-79
100            android:launchMode="singleTask"
100-->[com.kakao.sdk:v2-user:2.20.0] AndroidManifest.xml:12:13-44
101            android:theme="@style/TransparentCompat" />
101-->[com.kakao.sdk:v2-user:2.20.0] AndroidManifest.xml:13:13-53
102        <activity
102-->[com.kakao.sdk:v2-auth:2.20.0] AndroidManifest.xml:10:9-15:56
103            android:name="com.kakao.sdk.auth.TalkAuthCodeActivity"
103-->[com.kakao.sdk:v2-auth:2.20.0] AndroidManifest.xml:11:13-67
104            android:configChanges="orientation|screenSize|keyboardHidden"
104-->[com.kakao.sdk:v2-auth:2.20.0] AndroidManifest.xml:12:13-74
105            android:exported="false"
105-->[com.kakao.sdk:v2-auth:2.20.0] AndroidManifest.xml:13:13-37
106            android:launchMode="singleTask"
106-->[com.kakao.sdk:v2-auth:2.20.0] AndroidManifest.xml:14:13-44
107            android:theme="@style/TransparentCompat" />
107-->[com.kakao.sdk:v2-auth:2.20.0] AndroidManifest.xml:15:13-53
108        <activity
108-->[com.kakao.sdk:v2-auth:2.20.0] AndroidManifest.xml:20:9-23:56
109            android:name="com.kakao.sdk.auth.AppsHandlerActivity"
109-->[com.kakao.sdk:v2-auth:2.20.0] AndroidManifest.xml:21:13-66
110            android:launchMode="singleTask"
110-->[com.kakao.sdk:v2-auth:2.20.0] AndroidManifest.xml:22:13-44
111            android:theme="@style/TransparentCompat" />
111-->[com.kakao.sdk:v2-auth:2.20.0] AndroidManifest.xml:23:13-53
112
113        <provider
113-->[androidx.emoji2:emoji2:1.3.0] AndroidManifest.xml:24:9-32:20
114            android:name="androidx.startup.InitializationProvider"
114-->[androidx.emoji2:emoji2:1.3.0] AndroidManifest.xml:25:13-67
115            android:authorities="com.example.madclass01.androidx-startup"
115-->[androidx.emoji2:emoji2:1.3.0] AndroidManifest.xml:26:13-68
116            android:exported="false" >
116-->[androidx.emoji2:emoji2:1.3.0] AndroidManifest.xml:27:13-37
117            <meta-data
117-->[androidx.emoji2:emoji2:1.3.0] AndroidManifest.xml:29:13-31:52
118                android:name="androidx.emoji2.text.EmojiCompatInitializer"
118-->[androidx.emoji2:emoji2:1.3.0] AndroidManifest.xml:30:17-75
119                android:value="androidx.startup" />
119-->[androidx.emoji2:emoji2:1.3.0] AndroidManifest.xml:31:17-49
120            <meta-data
120-->[androidx.lifecycle:lifecycle-process:2.8.3] AndroidManifest.xml:29:13-31:52
121                android:name="androidx.lifecycle.ProcessLifecycleInitializer"
121-->[androidx.lifecycle:lifecycle-process:2.8.3] AndroidManifest.xml:30:17-78
122                android:value="androidx.startup" />
122-->[androidx.lifecycle:lifecycle-process:2.8.3] AndroidManifest.xml:31:17-49
123            <meta-data
123-->[androidx.profileinstaller:profileinstaller:1.3.1] AndroidManifest.xml:29:13-31:52
124                android:name="androidx.profileinstaller.ProfileInstallerInitializer"
124-->[androidx.profileinstaller:profileinstaller:1.3.1] AndroidManifest.xml:30:17-85
125                android:value="androidx.startup" />
125-->[androidx.profileinstaller:profileinstaller:1.3.1] AndroidManifest.xml:31:17-49
126        </provider>
127
128        <receiver
128-->[androidx.profileinstaller:profileinstaller:1.3.1] AndroidManifest.xml:34:9-52:20
129            android:name="androidx.profileinstaller.ProfileInstallReceiver"
129-->[androidx.profileinstaller:profileinstaller:1.3.1] AndroidManifest.xml:35:13-76
130            android:directBootAware="false"
130-->[androidx.profileinstaller:profileinstaller:1.3.1] AndroidManifest.xml:36:13-44
131            android:enabled="true"
131-->[androidx.profileinstaller:profileinstaller:1.3.1] AndroidManifest.xml:37:13-35
132            android:exported="true"
132-->[androidx.profileinstaller:profileinstaller:1.3.1] AndroidManifest.xml:38:13-36
133            android:permission="android.permission.DUMP" >
133-->[androidx.profileinstaller:profileinstaller:1.3.1] AndroidManifest.xml:39:13-57
134            <intent-filter>
134-->[androidx.profileinstaller:profileinstaller:1.3.1] AndroidManifest.xml:40:13-42:29
135                <action android:name="androidx.profileinstaller.action.INSTALL_PROFILE" />
135-->[androidx.profileinstaller:profileinstaller:1.3.1] AndroidManifest.xml:41:17-91
135-->[androidx.profileinstaller:profileinstaller:1.3.1] AndroidManifest.xml:41:25-88
136            </intent-filter>
137            <intent-filter>
137-->[androidx.profileinstaller:profileinstaller:1.3.1] AndroidManifest.xml:43:13-45:29
138                <action android:name="androidx.profileinstaller.action.SKIP_FILE" />
138-->[androidx.profileinstaller:profileinstaller:1.3.1] AndroidManifest.xml:44:17-85
138-->[androidx.profileinstaller:profileinstaller:1.3.1] AndroidManifest.xml:44:25-82
139            </intent-filter>
140            <intent-filter>
140-->[androidx.profileinstaller:profileinstaller:1.3.1] AndroidManifest.xml:46:13-48:29
141                <action android:name="androidx.profileinstaller.action.SAVE_PROFILE" />
141-->[androidx.profileinstaller:profileinstaller:1.3.1] AndroidManifest.xml:47:17-88
141-->[androidx.profileinstaller:profileinstaller:1.3.1] AndroidManifest.xml:47:25-85
142            </intent-filter>
143            <intent-filter>
143-->[androidx.profileinstaller:profileinstaller:1.3.1] AndroidManifest.xml:49:13-51:29
144                <action android:name="androidx.profileinstaller.action.BENCHMARK_OPERATION" />
144-->[androidx.profileinstaller:profileinstaller:1.3.1] AndroidManifest.xml:50:17-95
144-->[androidx.profileinstaller:profileinstaller:1.3.1] AndroidManifest.xml:50:25-92
145            </intent-filter>
146        </receiver>
147    </application>
148
149</manifest>